0 info it worked if it ends with ok
1 verbose cli [ '/usr/local/bin/node', '/usr/local/bin/npm', 'run', 'upDocs' ]
2 info using npm@2.11.3
3 info using node@v4.2.2
4 verbose run-script [ 'preupDocs', 'upDocs', 'postupDocs' ]
5 info preupDocs emitter@1.0.0
6 info upDocs emitter@1.0.0
7 verbose unsafe-perm in lifecycle true
8 info emitter@1.0.0 Failed to exec upDocs script
9 verbose stack Error: emitter@1.0.0 upDocs: `jsdoc2md mediator.js > README.md && git add . && git commit -am 'Updated Readme.md' && git push origin master`
9 verbose stack Exit status 1
9 verbose stack     at EventEmitter.<anonymous> (/usr/local/lib/node_modules/npm/lib/utils/lifecycle.js:213:16)
9 verbose stack     at emitTwo (events.js:87:13)
9 verbose stack     at EventEmitter.emit (events.js:172:7)
9 verbose stack     at ChildProcess.<anonymous> (/usr/local/lib/node_modules/npm/lib/utils/spawn.js:24:14)
9 verbose stack     at emitTwo (events.js:87:13)
9 verbose stack     at ChildProcess.emit (events.js:172:7)
9 verbose stack     at maybeClose (internal/child_process.js:818:16)
9 verbose stack     at Process.ChildProcess._handle.onexit (internal/child_process.js:211:5)
10 verbose pkgid emitter@1.0.0
11 verbose cwd /Users/igorshalimov/Projects/emitter
12 error Darwin 15.0.0
13 error argv "/usr/local/bin/node" "/usr/local/bin/npm" "run" "upDocs"
14 error node v4.2.2
15 error npm  v2.11.3
16 error code ELIFECYCLE
17 error emitter@1.0.0 upDocs: `jsdoc2md mediator.js > README.md && git add . && git commit -am 'Updated Readme.md' && git push origin master`
17 error Exit status 1
18 error Failed at the emitter@1.0.0 upDocs script 'jsdoc2md mediator.js > README.md && git add . && git commit -am 'Updated Readme.md' && git push origin master'.
18 error This is most likely a problem with the emitter package,
18 error not with npm itself.
18 error Tell the author that this fails on your system:
18 error     jsdoc2md mediator.js > README.md && git add . && git commit -am 'Updated Readme.md' && git push origin master
18 error You can get their info via:
18 error     npm owner ls emitter
18 error There is likely additional logging output above.
19 verbose exit [ 1, true ]
